{"/Users/adomacbook5/Documents/puzzle/puzzle/App/src/CustomHooks/index.ts": {"path":"/Users/adomacbook5/Documents/puzzle/puzzle/App/src/CustomHooks/index.ts","statementMap":{},"fnMap":{},"branchMap":{},"s":{},"f":{},"b":{},"_coverageSchema":"1a1c01bbd47fc00a2c39e90264f33305004495a9","hash":"7da651ab33fb105739156b65b5cdb3865cf4a3a9"}
,"/Users/adomacbook5/Documents/puzzle/puzzle/App/src/CustomHooks/useGenerateQuestHook.ts": {"path":"/Users/adomacbook5/Documents/puzzle/puzzle/App/src/CustomHooks/useGenerateQuestHook.ts","statementMap":{"0":{"start":{"line":5,"column":2},"end":{"line":7,"column":4}}},"fnMap":{"0":{"name":"useGenerateQuestHook","decl":{"start":{"line":4,"column":24},"end":{"line":4,"column":44}},"loc":{"start":{"line":4,"column":63},"end":{"line":8,"column":1}},"line":4}},"branchMap":{},"s":{"0":3},"f":{"0":3},"b":{},"_coverageSchema":"1a1c01bbd47fc00a2c39e90264f33305004495a9","hash":"c9a1fc19067c649eb8be15974808b1b4d96b4aba"}
,"/Users/adomacbook5/Documents/puzzle/puzzle/App/src/CustomHooks/useInputBoxesHook.ts": {"path":"/Users/adomacbook5/Documents/puzzle/puzzle/App/src/CustomHooks/useInputBoxesHook.ts","statementMap":{"0":{"start":{"line":8,"column":29},"end":{"line":11,"column":3}},"1":{"start":{"line":9,"column":4},"end":{"line":9,"column":29}},"2":{"start":{"line":10,"column":4},"end":{"line":10,"column":29}},"3":{"start":{"line":13,"column":2},"end":{"line":15,"column":4}}},"fnMap":{"0":{"name":"useInputBoxesHook","decl":{"start":{"line":3,"column":24},"end":{"line":3,"column":41}},"loc":{"start":{"line":7,"column":2},"end":{"line":16,"column":1}},"line":7},"1":{"name":"(anonymous_1)","decl":{"start":{"line":8,"column":29},"end":{"line":8,"column":30}},"loc":{"start":{"line":8,"column":44},"end":{"line":11,"column":3}},"line":8}},"branchMap":{},"s":{"0":1,"1":1,"2":1,"3":1},"f":{"0":1,"1":1},"b":{},"_coverageSchema":"1a1c01bbd47fc00a2c39e90264f33305004495a9","hash":"12f78bc926620024ba8e262a618f52209e1c154b"}
,"/Users/adomacbook5/Documents/puzzle/puzzle/App/src/CustomHooks/useProcessHook.ts": {"path":"/Users/adomacbook5/Documents/puzzle/puzzle/App/src/CustomHooks/useProcessHook.ts","statementMap":{"0":{"start":{"line":7,"column":32},"end":{"line":7,"column":43}},"1":{"start":{"line":8,"column":28},"end":{"line":8,"column":50}},"2":{"start":{"line":9,"column":38},"end":{"line":9,"column":62}},"3":{"start":{"line":10,"column":38},"end":{"line":10,"column":62}},"4":{"start":{"line":12,"column":19},"end":{"line":12,"column":35}},"5":{"start":{"line":13,"column":16},"end":{"line":13,"column":77}},"6":{"start":{"line":13,"column":53},"end":{"line":13,"column":76}},"7":{"start":{"line":15,"column":29},"end":{"line":24,"column":3}},"8":{"start":{"line":16,"column":16},"end":{"line":16,"column":17}},"9":{"start":{"line":17,"column":4},"end":{"line":21,"column":5}},"10":{"start":{"line":17,"column":17},"end":{"line":17,"column":18}},"11":{"start":{"line":18,"column":6},"end":{"line":20,"column":7}},"12":{"start":{"line":19,"column":8},"end":{"line":19,"column":22}},"13":{"start":{"line":22,"column":4},"end":{"line":22,"column":76}},"14":{"start":{"line":22,"column":46},"end":{"line":22,"column":55}},"15":{"start":{"line":23,"column":4},"end":{"line":23,"column":71}},"16":{"start":{"line":23,"column":41},"end":{"line":23,"column":50}},"17":{"start":{"line":26,"column":24},"end":{"line":52,"column":3}},"18":{"start":{"line":27,"column":4},"end":{"line":33,"column":5}},"19":{"start":{"line":28,"column":6},"end":{"line":28,"column":59}},"20":{"start":{"line":28,"column":49},"end":{"line":28,"column":57}},"21":{"start":{"line":29,"column":6},"end":{"line":32,"column":7}},"22":{"start":{"line":30,"column":8},"end":{"line":30,"column":36}},"23":{"start":{"line":31,"column":8},"end":{"line":31,"column":15}},"24":{"start":{"line":35,"column":4},"end":{"line":41,"column":5}},"25":{"start":{"line":39,"column":6},"end":{"line":39,"column":26}},"26":{"start":{"line":40,"column":6},"end":{"line":40,"column":56}},"27":{"start":{"line":42,"column":4},"end":{"line":51,"column":5}},"28":{"start":{"line":43,"column":6},"end":{"line":43,"column":59}},"29":{"start":{"line":43,"column":49},"end":{"line":43,"column":57}},"30":{"start":{"line":44,"column":6},"end":{"line":47,"column":7}},"31":{"start":{"line":45,"column":8},"end":{"line":45,"column":36}},"32":{"start":{"line":46,"column":8},"end":{"line":46,"column":15}},"33":{"start":{"line":48,"column":6},"end":{"line":48,"column":27}},"34":{"start":{"line":49,"column":6},"end":{"line":49,"column":19}},"35":{"start":{"line":50,"column":6},"end":{"line":50,"column":28}},"36":{"start":{"line":54,"column":2},"end":{"line":63,"column":4}}},"fnMap":{"0":{"name":"useProcessHook","decl":{"start":{"line":6,"column":24},"end":{"line":6,"column":38}},"loc":{"start":{"line":6,"column":74},"end":{"line":64,"column":1}},"line":6},"1":{"name":"(anonymous_1)","decl":{"start":{"line":13,"column":31},"end":{"line":13,"column":32}},"loc":{"start":{"line":13,"column":53},"end":{"line":13,"column":76}},"line":13},"2":{"name":"(anonymous_2)","decl":{"start":{"line":15,"column":29},"end":{"line":15,"column":30}},"loc":{"start":{"line":15,"column":46},"end":{"line":24,"column":3}},"line":15},"3":{"name":"(anonymous_3)","decl":{"start":{"line":22,"column":30},"end":{"line":22,"column":31}},"loc":{"start":{"line":22,"column":46},"end":{"line":22,"column":55}},"line":22},"4":{"name":"(anonymous_4)","decl":{"start":{"line":23,"column":25},"end":{"line":23,"column":26}},"loc":{"start":{"line":23,"column":41},"end":{"line":23,"column":50}},"line":23},"5":{"name":"(anonymous_5)","decl":{"start":{"line":26,"column":24},"end":{"line":26,"column":25}},"loc":{"start":{"line":26,"column":30},"end":{"line":52,"column":3}},"line":26},"6":{"name":"(anonymous_6)","decl":{"start":{"line":28,"column":41},"end":{"line":28,"column":42}},"loc":{"start":{"line":28,"column":49},"end":{"line":28,"column":57}},"line":28},"7":{"name":"(anonymous_7)","decl":{"start":{"line":43,"column":41},"end":{"line":43,"column":42}},"loc":{"start":{"line":43,"column":49},"end":{"line":43,"column":57}},"line":43}},"branchMap":{"0":{"loc":{"start":{"line":18,"column":6},"end":{"line":20,"column":7}},"type":"if","locations":[{"start":{"line":18,"column":6},"end":{"line":20,"column":7}},{"start":{},"end":{}}],"line":18},"1":{"loc":{"start":{"line":22,"column":18},"end":{"line":22,"column":74}},"type":"cond-expr","locations":[{"start":{"line":22,"column":59},"end":{"line":22,"column":65}},{"start":{"line":22,"column":68},"end":{"line":22,"column":74}}],"line":22},"2":{"loc":{"start":{"line":23,"column":13},"end":{"line":23,"column":69}},"type":"cond-expr","locations":[{"start":{"line":23,"column":54},"end":{"line":23,"column":56}},{"start":{"line":23,"column":59},"end":{"line":23,"column":69}}],"line":23},"3":{"loc":{"start":{"line":27,"column":4},"end":{"line":33,"column":5}},"type":"if","locations":[{"start":{"line":27,"column":4},"end":{"line":33,"column":5}},{"start":{},"end":{}}],"line":27},"4":{"loc":{"start":{"line":28,"column":6},"end":{"line":28,"column":58}},"type":"binary-expr","locations":[{"start":{"line":28,"column":6},"end":{"line":28,"column":26}},{"start":{"line":28,"column":30},"end":{"line":28,"column":58}}],"line":28},"5":{"loc":{"start":{"line":29,"column":6},"end":{"line":32,"column":7}},"type":"if","locations":[{"start":{"line":29,"column":6},"end":{"line":32,"column":7}},{"start":{},"end":{}}],"line":29},"6":{"loc":{"start":{"line":35,"column":4},"end":{"line":41,"column":5}},"type":"if","locations":[{"start":{"line":35,"column":4},"end":{"line":41,"column":5}},{"start":{},"end":{}}],"line":35},"7":{"loc":{"start":{"line":36,"column":6},"end":{"line":37,"column":17}},"type":"binary-expr","locations":[{"start":{"line":36,"column":6},"end":{"line":36,"column":76}},{"start":{"line":37,"column":6},"end":{"line":37,"column":17}}],"line":36},"8":{"loc":{"start":{"line":42,"column":4},"end":{"line":51,"column":5}},"type":"if","locations":[{"start":{"line":42,"column":4},"end":{"line":51,"column":5}},{"start":{},"end":{}}],"line":42},"9":{"loc":{"start":{"line":43,"column":6},"end":{"line":43,"column":58}},"type":"binary-expr","locations":[{"start":{"line":43,"column":6},"end":{"line":43,"column":26}},{"start":{"line":43,"column":30},"end":{"line":43,"column":58}}],"line":43},"10":{"loc":{"start":{"line":44,"column":6},"end":{"line":47,"column":7}},"type":"if","locations":[{"start":{"line":44,"column":6},"end":{"line":47,"column":7}},{"start":{},"end":{}}],"line":44}},"s":{"0":2,"1":2,"2":2,"3":2,"4":2,"5":2,"6":0,"7":2,"8":1,"9":1,"10":1,"11":4,"12":0,"13":1,"14":1,"15":1,"16":1,"17":2,"18":1,"19":1,"20":0,"21":1,"22":1,"23":1,"24":0,"25":0,"26":0,"27":0,"28":0,"29":0,"30":0,"31":0,"32":0,"33":0,"34":0,"35":0,"36":2},"f":{"0":2,"1":0,"2":1,"3":1,"4":1,"5":1,"6":0,"7":0},"b":{"0":[0,4],"1":[0,1],"2":[0,1],"3":[1,0],"4":[1,0],"5":[1,0],"6":[0,0],"7":[0,0],"8":[0,0],"9":[0,0],"10":[0,0]},"_coverageSchema":"1a1c01bbd47fc00a2c39e90264f33305004495a9","hash":"c77cf0ec4a0a4055f09146ef7e5c4bb14177b5ca"}
,"/Users/adomacbook5/Documents/puzzle/puzzle/App/src/CustomHooks/useSelectionHook.ts": {"path":"/Users/adomacbook5/Documents/puzzle/puzzle/App/src/CustomHooks/useSelectionHook.ts","statementMap":{"0":{"start":{"line":5,"column":35},"end":{"line":15,"column":3}},"1":{"start":{"line":16,"column":32},"end":{"line":16,"column":61}},"2":{"start":{"line":18,"column":2},"end":{"line":20,"column":9}},"3":{"start":{"line":19,"column":4},"end":{"line":19,"column":24}},"4":{"start":{"line":22,"column":25},"end":{"line":33,"column":3}},"5":{"start":{"line":23,"column":4},"end":{"line":32,"column":6}},"6":{"start":{"line":25,"column":8},"end":{"line":25,"column":31}},"7":{"start":{"line":26,"column":8},"end":{"line":26,"column":54}},"8":{"start":{"line":26,"column":32},"end":{"line":26,"column":54}},"9":{"start":{"line":28,"column":8},"end":{"line":30,"column":10}},"10":{"start":{"line":35,"column":27},"end":{"line":42,"column":3}},"11":{"start":{"line":36,"column":4},"end":{"line":37,"column":13}},"12":{"start":{"line":36,"column":46},"end":{"line":36,"column":71}},"13":{"start":{"line":37,"column":6},"end":{"line":37,"column":13}},"14":{"start":{"line":38,"column":4},"end":{"line":41,"column":7}},"15":{"start":{"line":39,"column":53},"end":{"line":39,"column":78}},"16":{"start":{"line":44,"column":2},"end":{"line":48,"column":4}}},"fnMap":{"0":{"name":"useSelectionHook","decl":{"start":{"line":4,"column":24},"end":{"line":4,"column":40}},"loc":{"start":{"line":4,"column":58},"end":{"line":49,"column":1}},"line":4},"1":{"name":"(anonymous_1)","decl":{"start":{"line":18,"column":12},"end":{"line":18,"column":13}},"loc":{"start":{"line":18,"column":18},"end":{"line":20,"column":3}},"line":18},"2":{"name":"(anonymous_2)","decl":{"start":{"line":22,"column":25},"end":{"line":22,"column":26}},"loc":{"start":{"line":22,"column":40},"end":{"line":33,"column":3}},"line":22},"3":{"name":"(anonymous_3)","decl":{"start":{"line":24,"column":18},"end":{"line":24,"column":19}},"loc":{"start":{"line":24,"column":42},"end":{"line":31,"column":7}},"line":24},"4":{"name":"(anonymous_4)","decl":{"start":{"line":35,"column":27},"end":{"line":35,"column":28}},"loc":{"start":{"line":35,"column":33},"end":{"line":42,"column":3}},"line":35},"5":{"name":"(anonymous_5)","decl":{"start":{"line":36,"column":22},"end":{"line":36,"column":23}},"loc":{"start":{"line":36,"column":46},"end":{"line":36,"column":71}},"line":36},"6":{"name":"(anonymous_6)","decl":{"start":{"line":39,"column":29},"end":{"line":39,"column":30}},"loc":{"start":{"line":39,"column":53},"end":{"line":39,"column":78}},"line":39}},"branchMap":{"0":{"loc":{"start":{"line":26,"column":8},"end":{"line":26,"column":54}},"type":"if","locations":[{"start":{"line":26,"column":8},"end":{"line":26,"column":54}},{"start":{},"end":{}}],"line":26},"1":{"loc":{"start":{"line":36,"column":4},"end":{"line":37,"column":13}},"type":"if","locations":[{"start":{"line":36,"column":4},"end":{"line":37,"column":13}},{"start":{},"end":{}}],"line":36}},"s":{"0":6,"1":6,"2":6,"3":2,"4":6,"5":2,"6":6,"7":6,"8":2,"9":6,"10":6,"11":2,"12":6,"13":2,"14":0,"15":0,"16":6},"f":{"0":6,"1":2,"2":2,"3":6,"4":2,"5":6,"6":0},"b":{"0":[2,4],"1":[2,0]},"_coverageSchema":"1a1c01bbd47fc00a2c39e90264f33305004495a9","hash":"2eaec8327d8d775afbd976bdeae63ac059cdb850"}
,"/Users/adomacbook5/Documents/puzzle/puzzle/App/src/Modals/index.ts": {"path":"/Users/adomacbook5/Documents/puzzle/puzzle/App/src/Modals/index.ts","statementMap":{"0":{"start":{"line":28,"column":42},"end":{"line":98,"column":1}}},"fnMap":{},"branchMap":{},"s":{"0":4},"f":{},"b":{},"_coverageSchema":"1a1c01bbd47fc00a2c39e90264f33305004495a9","hash":"2d634c22bd80877c1d0de48e57b195fc78063305"}
,"/Users/adomacbook5/Documents/puzzle/puzzle/App/src/Slices/commonSlice.ts": {"path":"/Users/adomacbook5/Documents/puzzle/puzzle/App/src/Slices/commonSlice.ts","statementMap":{"0":{"start":{"line":4,"column":33},"end":{"line":6,"column":1}},"1":{"start":{"line":7,"column":27},"end":{"line":15,"column":2}},"2":{"start":{"line":12,"column":6},"end":{"line":12,"column":41}},"3":{"start":{"line":17,"column":32},"end":{"line":17,"column":51}}},"fnMap":{"0":{"name":"(anonymous_0)","decl":{"start":{"line":11,"column":20},"end":{"line":11,"column":21}},"loc":{"start":{"line":11,"column":62},"end":{"line":13,"column":5}},"line":11}},"branchMap":{},"s":{"0":4,"1":4,"2":0,"3":4},"f":{"0":0},"b":{},"_coverageSchema":"1a1c01bbd47fc00a2c39e90264f33305004495a9","hash":"d87da2b85dd1d8af7cace39d78a7c23be11476f6"}
,"/Users/adomacbook5/Documents/puzzle/puzzle/App/src/Store/index.ts": {"path":"/Users/adomacbook5/Documents/puzzle/puzzle/App/src/Store/index.ts","statementMap":{"0":{"start":{"line":6,"column":21},"end":{"line":10,"column":2}},"1":{"start":{"line":15,"column":30},"end":{"line":15,"column":62}},"2":{"start":{"line":15,"column":36},"end":{"line":15,"column":62}},"3":{"start":{"line":16,"column":63},"end":{"line":16,"column":74}}},"fnMap":{"0":{"name":"(anonymous_0)","decl":{"start":{"line":15,"column":30},"end":{"line":15,"column":31}},"loc":{"start":{"line":15,"column":36},"end":{"line":15,"column":62}},"line":15}},"branchMap":{},"s":{"0":4,"1":4,"2":2,"3":4},"f":{"0":2},"b":{},"_coverageSchema":"1a1c01bbd47fc00a2c39e90264f33305004495a9","hash":"0c30c9d49eb8077ab760cef6191ef126150b5d89"}
}
