TN:
SF:App/src/CustomHooks/index.ts
FNF:0
FNH:0
LF:0
LH:0
BRF:0
BRH:0
end_of_record
TN:
SF:App/src/CustomHooks/useGenerateQuestHook.ts
FN:4,useGenerateQuestHook
FNF:1
FNH:1
FNDA:3,useGenerateQuestHook
DA:5,3
LF:1
LH:1
BRF:0
BRH:0
end_of_record
TN:
SF:App/src/CustomHooks/useInputBoxesHook.ts
FN:3,useInputBoxesHook
FN:8,(anonymous_1)
FNF:2
FNH:2
FNDA:1,useInputBoxesHook
FNDA:1,(anonymous_1)
DA:8,1
DA:9,1
DA:10,1
DA:13,1
LF:4
LH:4
BRF:0
BRH:0
end_of_record
TN:
SF:App/src/CustomHooks/useProcessHook.ts
FN:6,useProcessHook
FN:13,(anonymous_1)
FN:15,(anonymous_2)
FN:22,(anonymous_3)
FN:23,(anonymous_4)
FN:26,(anonymous_5)
FN:28,(anonymous_6)
FN:43,(anonymous_7)
FNF:8
FNH:5
FNDA:2,useProcessHook
FNDA:0,(anonymous_1)
FNDA:1,(anonymous_2)
FNDA:1,(anonymous_3)
FNDA:1,(anonymous_4)
FNDA:1,(anonymous_5)
FNDA:0,(anonymous_6)
FNDA:0,(anonymous_7)
DA:7,2
DA:8,2
DA:9,2
DA:10,2
DA:12,2
DA:13,2
DA:15,2
DA:16,1
DA:17,1
DA:18,4
DA:19,0
DA:22,1
DA:23,1
DA:26,2
DA:27,1
DA:28,1
DA:29,1
DA:30,1
DA:31,1
DA:35,0
DA:39,0
DA:40,0
DA:42,0
DA:43,0
DA:44,0
DA:45,0
DA:46,0
DA:48,0
DA:49,0
DA:50,0
DA:54,2
LF:31
LH:19
BRDA:18,0,0,0
BRDA:18,0,1,4
BRDA:22,1,0,0
BRDA:22,1,1,1
BRDA:23,2,0,0
BRDA:23,2,1,1
BRDA:27,3,0,1
BRDA:27,3,1,0
BRDA:28,4,0,1
BRDA:28,4,1,0
BRDA:29,5,0,1
BRDA:29,5,1,0
BRDA:35,6,0,0
BRDA:35,6,1,0
BRDA:36,7,0,0
BRDA:36,7,1,0
BRDA:42,8,0,0
BRDA:42,8,1,0
BRDA:43,9,0,0
BRDA:43,9,1,0
BRDA:44,10,0,0
BRDA:44,10,1,0
BRF:22
BRH:6
end_of_record
TN:
SF:App/src/CustomHooks/useSelectionHook.ts
FN:4,useSelectionHook
FN:18,(anonymous_1)
FN:22,(anonymous_2)
FN:24,(anonymous_3)
FN:35,(anonymous_4)
FN:36,(anonymous_5)
FN:39,(anonymous_6)
FNF:7
FNH:6
FNDA:6,useSelectionHook
FNDA:2,(anonymous_1)
FNDA:2,(anonymous_2)
FNDA:6,(anonymous_3)
FNDA:2,(anonymous_4)
FNDA:6,(anonymous_5)
FNDA:0,(anonymous_6)
DA:5,6
DA:16,6
DA:18,6
DA:19,2
DA:22,6
DA:23,2
DA:25,6
DA:26,6
DA:28,6
DA:35,6
DA:36,6
DA:37,2
DA:38,0
DA:39,0
DA:44,6
LF:15
LH:13
BRDA:26,0,0,2
BRDA:26,0,1,4
BRDA:36,1,0,2
BRDA:36,1,1,0
BRF:4
BRH:3
end_of_record
TN:
SF:App/src/Modals/index.ts
FNF:0
FNH:0
DA:28,4
LF:1
LH:1
BRF:0
BRH:0
end_of_record
TN:
SF:App/src/Slices/commonSlice.ts
FN:11,(anonymous_0)
FNF:1
FNH:0
FNDA:0,(anonymous_0)
DA:4,4
DA:7,4
DA:12,0
DA:17,4
LF:4
LH:3
BRF:0
BRH:0
end_of_record
TN:
SF:App/src/Store/index.ts
FN:15,(anonymous_0)
FNF:1
FNH:1
FNDA:2,(anonymous_0)
DA:6,4
DA:15,4
DA:16,4
LF:3
LH:3
BRF:0
BRH:0
end_of_record
